<?xml version="1.0" encoding="UTF-8"?>
<testng-results total="1" passed="1" failed="0" skipped="0">
  <reporter-output>
  </reporter-output>
  <suite started-at="2022-11-07T04:58:56Z" name="Surefire suite" finished-at="2022-11-07T04:59:14Z" duration-ms="18592">
    <groups>
    </groups>
    <test started-at="2022-11-07T04:58:56Z" name="Surefire test" finished-at="2022-11-07T04:59:14Z" duration-ms="18592">
      <class name="testpackage.Testclass">
        <test-method is-config="true" signature="chromelaunch()[pri:0, instance:testpackage.Testclass@6f4a47c7]" started-at="2022-11-07T10:28:56Z" name="chromelaunch" finished-at="2022-11-07T10:29:12Z" duration-ms="15961" status="PASS">
          <reporter-output>
          </reporter-output>
        </test-method> <!-- chromelaunch -->
        <test-method signature="homepage_keysenter(java.lang.String, java.lang.String)[pri:1, instance:testpackage.Testclass@6f4a47c7]" started-at="2022-11-07T10:29:13Z" name="homepage_keysenter" description="TestCheck" data-provider="sampledata" finished-at="2022-11-07T10:29:13Z" duration-ms="458" status="PASS">
          <params>
            <param index="0">
              <value>
                <![CDATA[https://www.pexels.com/search/car/]]>
              </value>
            </param>
            <param index="1">
              <value>
                <![CDATA[Moorthy123]]>
              </value>
            </param>
          </params>
          <reporter-output>
          </reporter-output>
        </test-method> <!-- homepage_keysenter -->
        <test-method is-config="true" signature="getResult(org.testng.ITestResult)[pri:0, instance:testpackage.Testclass@6f4a47c7]" started-at="2022-11-07T10:29:13Z" name="getResult" finished-at="2022-11-07T10:29:14Z" duration-ms="333" status="PASS">
          <params>
            <param index="0">
              <value>
                <![CDATA[[TestResult name=homepage_keysenter status=SUCCESS method=Testclass.homepage_keysenter(java.lang.String, java.lang.String)[pri:1, instance:testpackage.Testclass@6f4a47c7] output={null}]]]>
              </value>
            </param>
          </params>
          <reporter-output>
          </reporter-output>
        </test-method> <!-- getResult -->
        <test-method is-config="true" signature="driverclose()[pri:0, instance:testpackage.Testclass@6f4a47c7]" started-at="2022-11-07T10:29:14Z" name="driverclose" finished-at="2022-11-07T10:29:14Z" duration-ms="604" status="PASS">
          <reporter-output>
          </reporter-output>
        </test-method> <!-- driverclose -->
      </class> <!-- testpackage.Testclass -->
    </test> <!-- Surefire test -->
  </suite> <!-- Surefire suite -->
</testng-results>
