<?xml version="1.0" encoding="UTF-8"?>
<testng-results ignored="0" total="2" passed="2" failed="0" skipped="0">
  <reporter-output>
  </reporter-output>
  <suite started-at="2024-06-19T19:07:48 IST" name="Default suite" finished-at="2024-06-19T19:08:05 IST" duration-ms="16992">
    <groups>
    </groups>
    <test started-at="2024-06-19T19:07:48 IST" name="Default test" finished-at="2024-06-19T19:08:05 IST" duration-ms="16992">
      <class name="loginPackage.SampleClass">
        <test-method is-config="true" signature="chromelaunch()[pri:0, instance:loginPackage.SampleClass@782859e]" started-at="2024-06-19T19:07:48 IST" name="chromelaunch" finished-at="2024-06-19T19:08:02 IST" duration-ms="13638" status="PASS">
          <reporter-output>
          </reporter-output>
        </test-method> <!-- chromelaunch -->
        <test-method signature="login(java.lang.String,java.lang.String,java.lang.String)[pri:0, instance:loginPackage.SampleClass@782859e]" started-at="2024-06-19T19:08:03 IST" name="login" data-provider="TotalData" finished-at="2024-06-19T19:08:03 IST" duration-ms="19" status="PASS">
          <params>
            <param index="0">
              <value>
                <![CDATA[frt]]>
              </value>
            </param>
            <param index="1">
              <value>
                <![CDATA[tyu]]>
              </value>
            </param>
            <param index="2">
              <value>
                <![CDATA[Yes]]>
              </value>
            </param>
          </params>
          <reporter-output>
          </reporter-output>
        </test-method> <!-- login -->
        <test-method is-config="true" signature="getResult(org.testng.ITestResult)[pri:0, instance:loginPackage.SampleClass@782859e]" started-at="2024-06-19T19:08:03 IST" name="getResult" finished-at="2024-06-19T19:08:04 IST" duration-ms="426" status="PASS">
          <params>
            <param index="0">
              <value>
                <![CDATA[[TestResult name=login status=SUCCESS method=SampleClass.login(java.lang.String,java.lang.String,java.lang.String)[pri:0, instance:loginPackage.SampleClass@782859e] output={null}]]]>
              </value>
            </param>
          </params>
          <reporter-output>
          </reporter-output>
        </test-method> <!-- getResult -->
        <test-method signature="login(java.lang.String,java.lang.String,java.lang.String)[pri:0, instance:loginPackage.SampleClass@782859e]" started-at="2024-06-19T19:08:04 IST" name="login" data-provider="TotalData" finished-at="2024-06-19T19:08:04 IST" duration-ms="3" status="PASS">
          <params>
            <param index="0">
              <value>
                <![CDATA[fatDFTA]]>
              </value>
            </param>
            <param index="1">
              <value>
                <![CDATA[HBHJ]]>
              </value>
            </param>
            <param index="2">
              <value>
                <![CDATA[Yes]]>
              </value>
            </param>
          </params>
          <reporter-output>
          </reporter-output>
        </test-method> <!-- login -->
        <test-method is-config="true" signature="getResult(org.testng.ITestResult)[pri:0, instance:loginPackage.SampleClass@782859e]" started-at="2024-06-19T19:08:04 IST" name="getResult" finished-at="2024-06-19T19:08:04 IST" duration-ms="218" status="PASS">
          <params>
            <param index="0">
              <value>
                <![CDATA[[TestResult name=login status=SUCCESS method=SampleClass.login(java.lang.String,java.lang.String,java.lang.String)[pri:0, instance:loginPackage.SampleClass@782859e] output={null}]]]>
              </value>
            </param>
          </params>
          <reporter-output>
          </reporter-output>
        </test-method> <!-- getResult -->
        <test-method is-config="true" signature="driverclose()[pri:0, instance:loginPackage.SampleClass@782859e]" started-at="2024-06-19T19:08:04 IST" name="driverclose" finished-at="2024-06-19T19:08:05 IST" duration-ms="1056" status="PASS">
          <reporter-output>
          </reporter-output>
        </test-method> <!-- driverclose -->
      </class> <!-- loginPackage.SampleClass -->
    </test> <!-- Default test -->
  </suite> <!-- Default suite -->
</testng-results>
